<?xml version="1.0" encoding="UTF-8"?>
<!-- Generated by org.testng.reporters.JUnitReportReporter -->
<testsuite hostname="PRATIK" failures="0" tests="1" name="MagnetoFramework.Luma.tests.Account2" time="64.697" errors="0" timestamp="2023-07-16T11:21:18 IST" skipped="0">
  <testcase classname="MagnetoFramework.Luma.tests.Account2" name="AccountCreation" time="64.697"/>
  <system-out/>
</testsuite> <!-- MagnetoFramework.Luma.tests.Account2 -->
